<?xml version="1.0" encoding="UTF-8"?>
<!-- Generated by org.testng.reporters.JUnitXMLReporter -->
<testsuite hostname="DESKTOP-QA8EEE9" ignored="0" name="Verify login functionality by passing valid username and password" tests="1" failures="1" timestamp="24 Jul 2018 19:03:21 GMT" time="0.259" errors="0">
  <testcase name="Execute" time="0.225" classname="TestCases.US_SBDC_1000_TC0001">
    <failure type="org.openqa.selenium.WebDriverException" message="Build info: version: &amp;apos;3.2.0&amp;apos;, revision: &amp;apos;8c03df6b79&amp;apos;, time: &amp;apos;2017-02-23 10:51:31 +0000&amp;apos;
System info: host: &amp;apos;DESKTOP-QA8EEE9&amp;apos;, ip: &amp;apos;192.168.0.107&amp;apos;, os.name: &amp;apos;Windows 10&amp;apos;, os.arch: &amp;apos;amd64&amp;apos;, os.version: &amp;apos;10.0&amp;apos;, java.version: &amp;apos;1.8.0_161&amp;apos;
Driver info: driver.version: unknown">
      <![CDATA[org.openqa.selenium.WebDriverException: Build info: version: '3.2.0', revision: '8c03df6b79', time: '2017-02-23 10:51:31 +0000'
System info: host: 'DESKTOP-QA8EEE9', ip: '192.168.0.107', os.name: 'Windows 10', os.arch: 'amd64', os.version: '10.0', java.version: '1.8.0_161'
Driver info: driver.version: unknown
	at ejagruti.finsys.modules.LaunchApp.LaunchApplication(LaunchApp.java:39)
	at TestCases.US_SBDC_1000_TC0001.Execute(US_SBDC_1000_TC0001.java:15)
... Removed 28 stack frames]]>
    </failure>
  </testcase> <!-- Execute -->
</testsuite> <!-- Verify login functionality by passing valid username and password -->
