<!DOCTYPE html PUBLIC "-//W3C//DTD XHTML 1.1//EN" "http://www.w3.org/TR/xhtml11/DTD/xhtml11.dtd">
<html xmlns="http://www.w3.org/1999/xhtml"><head><title>TestNG Report</title><style type="text/css">table {margin-bottom:10px;border-collapse:collapse;empty-cells:show}th,td {border:1px solid #009;padding:.25em .5em}th {vertical-align:bottom}td {vertical-align:top}table a {font-weight:bold}.stripe td {background-color: #E6EBF9}.num {text-align:right}.passedodd td {background-color: #3F3}.passedeven td {background-color: #0A0}.skippedodd td {background-color: #DDD}.skippedeven td {background-color: #CCC}.failedodd td,.attn {background-color: #F33}.failedeven td,.stripe .attn {background-color: #D00}.stacktrace {white-space:pre;font-family:monospace}.totop {font-size:85%;text-align:center;border-bottom:2px solid #000}</style></head><body><table><tr><th>Test</th><th># Passed</th><th># Skipped</th><th># Failed</th><th>Time (ms)</th><th>Included Groups</th><th>Excluded Groups</th></tr><tr><th colspan="7">Suite</th></tr><tr><td><a href="#t0">Verify login functionality by passing valid username and password</a></td><td class="num">0</td><td class="num">0</td><td class="num attn">1</td><td class="num">259</td><td></td><td></td></tr><tr class="stripe"><td><a href="#t1">Verify Creation of a New Company by passing all Valid Details</a></td><td class="num">1</td><td class="num">0</td><td class="num attn">1</td><td class="num">52</td><td></td><td></td></tr><tr><td><a href="#t2">Verify New Company name is updated by passing all Valid Details</a></td><td class="num">1</td><td class="num">0</td><td class="num attn">1</td><td class="num">10</td><td></td><td></td></tr><tr><th>Total</th><th class="num">2</th><th class="num">0</th><th class="num attn">3</th><th class="num">321</th><th colspan="2"></th></tr></table><table id='summary'><thead><tr><th>Class</th><th>Method</th><th>Start</th><th>Time (ms)</th></tr></thead><tbody><tr><th colspan="4">Suite</th></tr></tbody><tbody id="t0"><tr><th colspan="4">Verify login functionality by passing valid username and password &#8212; failed</th></tr><tr class="failedeven"><td rowspan="1">TestCases.US_SBDC_1000_TC0001</td><td><a href="#m0">Execute</a></td><td rowspan="1">1532459001616</td><td rowspan="1">225</td></tr></tbody><tbody id="t1"><tr><th colspan="4">Verify Creation of a New Company by passing all Valid Details &#8212; failed</th></tr><tr class="failedeven"><td rowspan="1">TestCases.US_SBDC_1001_TC0002</td><td><a href="#m1">CreateCompany</a></td><td rowspan="1">1532459001898</td><td rowspan="1">40</td></tr><tr><th colspan="4">Verify Creation of a New Company by passing all Valid Details &#8212; passed</th></tr><tr class="passedeven"><td rowspan="1">TestCases.US_SBDC_1001_TC0002</td><td><a href="#m2">Execute</a></td><td rowspan="1">1532459001940</td><td rowspan="1">9</td></tr></tbody><tbody id="t2"><tr><th colspan="4">Verify New Company name is updated by passing all Valid Details &#8212; failed</th></tr><tr class="failedeven"><td rowspan="1">TestCases.US_SBDC_1001_TC0003</td><td><a href="#m3">CreateCompany</a></td><td rowspan="1">1532459001960</td><td rowspan="1">0</td></tr><tr><th colspan="4">Verify New Company name is updated by passing all Valid Details &#8212; passed</th></tr><tr class="passedeven"><td rowspan="1">TestCases.US_SBDC_1001_TC0003</td><td><a href="#m4">Execute</a></td><td rowspan="1">1532459001962</td><td rowspan="1">6</td></tr></tbody></table><h2>Verify login functionality by passing valid username and password</h2><h3 id="m0">TestCases.US_SBDC_1000_TC0001#Execute</h3><table class="result"><tr class="param"><th>Parameter #1</th><th>Parameter #2</th><th>Parameter #3</th><th>Parameter #4</th><th>Parameter #5</th></tr><tr class="param stripe"><td>ff</td><td>http://localhost:90/finsys</td><td>dummyfm</td><td>passw0rd</td><td></td></tr><tr><th colspan="5">Exception</th></tr><tr><td colspan="5"><div class="stacktrace">org.openqa.selenium.WebDriverException: Build info: version: &apos;3.2.0&apos;, revision: &apos;8c03df6b79&apos;, time: &apos;2017-02-23 10:51:31 +0000&apos;
System info: host: &apos;DESKTOP-QA8EEE9&apos;, ip: &apos;192.168.0.107&apos;, os.name: &apos;Windows 10&apos;, os.arch: &apos;amd64&apos;, os.version: &apos;10.0&apos;, java.version: &apos;1.8.0_161&apos;
Driver info: driver.version: unknown
	at ejagruti.finsys.modules.LaunchApp.LaunchApplication(LaunchApp.java:39)
	at TestCases.US_SBDC_1000_TC0001.Execute(US_SBDC_1000_TC0001.java:15)
... Removed 28 stack frames</div></td></tr></table><p class="totop"><a href="#summary">back to summary</a></p><h2>Verify Creation of a New Company by passing all Valid Details</h2><h3 id="m1">TestCases.US_SBDC_1001_TC0002#CreateCompany</h3><table class="result"><tr class="param"><th>Parameter #1</th><th>Parameter #2</th><th>Parameter #3</th><th>Parameter #4</th><th>Parameter #5</th><th>Parameter #6</th><th>Parameter #7</th><th>Parameter #8</th></tr><tr class="param stripe"><td>ybage03</td><td>IT</td><td>WEr1234567</td><td>asd@gjb.com</td><td>1234567891</td><td>INDIA</td><td>MAHARASHTRA</td><td>MUMBAI</td></tr><tr><th colspan="8">Exception</th></tr><tr><td colspan="8"><div class="stacktrace">java.lang.NoClassDefFoundError: org/openqa/selenium/interactions/internal/Locatable
	at org.openqa.selenium.support.pagefactory.DefaultFieldDecorator.proxyForLocator(DefaultFieldDecorator.java:101)
	at org.openqa.selenium.support.pagefactory.DefaultFieldDecorator.decorate(DefaultFieldDecorator.java:62)
	at org.openqa.selenium.support.PageFactory.proxyFields(PageFactory.java:113)
	at org.openqa.selenium.support.PageFactory.initElements(PageFactory.java:105)
	at org.openqa.selenium.support.PageFactory.initElements(PageFactory.java:92)
	at org.openqa.selenium.support.PageFactory.initElements(PageFactory.java:79)
	at ejagruti.finsys.pageobject.companymanage.&lt;init&gt;(companymanage.java:17)
	at ejagruti.finsys.modules.createcompanymodule.&lt;init&gt;(createcompanymodule.java:20)
	at TestCases.US_SBDC_1001_TC0002.CreateCompany(US_SBDC_1001_TC0002.java:44)
Caused by: java.lang.ClassNotFoundException: org.openqa.selenium.interactions.internal.Locatable
	at java.net.URLClassLoader.findClass(URLClassLoader.java:381)
	at java.lang.ClassLoader.loadClass(ClassLoader.java:424)
	at sun.misc.Launcher$AppClassLoader.loadClass(Launcher.java:338)
	at java.lang.ClassLoader.loadClass(ClassLoader.java:357)
	... 37 more
... Removed 28 stack frames</div></td></tr></table><p class="totop"><a href="#summary">back to summary</a></p><h3 id="m2">TestCases.US_SBDC_1001_TC0002#Execute</h3><table class="result"><tr class="param"><th>Parameter #1</th><th>Parameter #2</th><th>Parameter #3</th><th>Parameter #4</th><th>Parameter #5</th></tr><tr class="param stripe"><td>ff</td><td>http://localhost:90/finsys</td><td>dummyfm</td><td>passw0rd</td><td></td></tr></table><p class="totop"><a href="#summary">back to summary</a></p><h2>Verify New Company name is updated by passing all Valid Details</h2><h3 id="m3">TestCases.US_SBDC_1001_TC0003#CreateCompany</h3><table class="result"><tr class="param"><th>Parameter #1</th></tr><tr class="param stripe"><td>Cyb03</td></tr><tr><th>Exception</th></tr><tr><td><div class="stacktrace">java.lang.NoClassDefFoundError: org/openqa/selenium/interactions/internal/Locatable
	at org.openqa.selenium.support.pagefactory.DefaultFieldDecorator.proxyForLocator(DefaultFieldDecorator.java:101)
	at org.openqa.selenium.support.pagefactory.DefaultFieldDecorator.decorate(DefaultFieldDecorator.java:62)
	at org.openqa.selenium.support.PageFactory.proxyFields(PageFactory.java:113)
	at org.openqa.selenium.support.PageFactory.initElements(PageFactory.java:105)
	at org.openqa.selenium.support.PageFactory.initElements(PageFactory.java:92)
	at org.openqa.selenium.support.PageFactory.initElements(PageFactory.java:79)
	at ejagruti.finsys.pageobject.companymanage.&lt;init&gt;(companymanage.java:17)
	at ejagruti.finsys.modules.createcompanymodule.&lt;init&gt;(createcompanymodule.java:20)
	at TestCases.US_SBDC_1001_TC0003.CreateCompany(US_SBDC_1001_TC0003.java:53)
... Removed 28 stack frames</div></td></tr></table><p class="totop"><a href="#summary">back to summary</a></p><h3 id="m4">TestCases.US_SBDC_1001_TC0003#Execute</h3><table class="result"><tr class="param"><th>Parameter #1</th><th>Parameter #2</th><th>Parameter #3</th><th>Parameter #4</th><th>Parameter #5</th></tr><tr class="param stripe"><td>ff</td><td>http://localhost:90/finsys</td><td>dummyfm</td><td>passw0rd</td><td></td></tr></table><p class="totop"><a href="#summary">back to summary</a></p></body></html>